15:19:51.867  365  DEBUG fr.sparna.rdf.xls2rdf.app.Convert - Will use output format : text/turtle
15:19:51.871  369  DEBUG fr.sparna.rdf.xls2rdf.app.Convert - Will use ModelWriter : fr.sparna.rdf.xls2rdf.OutputStreamModelWriter
15:19:52.459  957  DEBUG f.s.rdf.xls2rdf.Xls2RdfConverter - Processing sheet: Sheet1
15:19:52.466  964  INFO  f.sparna.rdf.xls2rdf.RdfizableSheet - Found proper property in header : http://purl.org/m4m21/variables/
15:19:52.467  965  INFO  f.sparna.rdf.xls2rdf.RdfizableSheet - Found proper property in header : http://www.w3.org/2004/02/skos/core#
15:19:52.469  967  INFO  f.sparna.rdf.xls2rdf.RdfizableSheet - Found proper property in header : http://purl.org/pav/
15:19:52.471  969  INFO  f.sparna.rdf.xls2rdf.RdfizableSheet - Found proper property in header : http://purl.org/dc/terms/
15:19:52.472  970  INFO  f.sparna.rdf.xls2rdf.RdfizableSheet - Found proper property in header : https://w3id.org/iadopt/ont/
15:19:52.474  972  INFO  f.sparna.rdf.xls2rdf.RdfizableSheet - Found proper property in header : https://w3id.org/env/puv#
15:19:52.475  973  INFO  f.sparna.rdf.xls2rdf.RdfizableSheet - Found proper property in header : http://www.w3.org/ns/sosa/
15:19:52.476  974  INFO  f.sparna.rdf.xls2rdf.RdfizableSheet - Found proper property in header : http://qudt.org/schema/qudt/
15:19:52.478  976  INFO  f.sparna.rdf.xls2rdf.RdfizableSheet - Found proper property in header : http://qudt.org/vocab/unit/
15:19:52.482  980  INFO  f.sparna.rdf.xls2rdf.RdfizableSheet - Found proper property in header : https://spdx.org/licenses/CC0-1.0
15:19:52.486  984  INFO  f.sparna.rdf.xls2rdf.RdfizableSheet - Found proper property in header : http://www.w3.org/2004/02/skos/core#prefLabel
15:19:52.487  985  INFO  f.sparna.rdf.xls2rdf.RdfizableSheet - Found proper property in header : http://www.w3.org/2004/02/skos/core#altLabel
15:19:52.488  986  INFO  f.sparna.rdf.xls2rdf.RdfizableSheet - Found proper property in header : http://www.w3.org/2004/02/skos/core#definition
15:19:52.489  987  INFO  f.sparna.rdf.xls2rdf.RdfizableSheet - Found proper property in header : http://purl.org/dc/terms/source
15:19:52.489  987  INFO  f.sparna.rdf.xls2rdf.RdfizableSheet - Found proper property in header : http://www.w3.org/2004/02/skos/core#broader
15:19:52.490  988  INFO  f.sparna.rdf.xls2rdf.RdfizableSheet - Found proper property in header : http://www.w3.org/2004/02/skos/core#exactMatch
15:19:52.491  989  INFO  f.sparna.rdf.xls2rdf.RdfizableSheet - Found proper property in header : http://www.w3.org/2004/02/skos/core#closeMatch
15:19:52.492  990  INFO  f.sparna.rdf.xls2rdf.RdfizableSheet - Found proper property in header : http://www.w3.org/2004/02/skos/core#broadMatch
15:19:52.493  991  INFO  f.sparna.rdf.xls2rdf.RdfizableSheet - Found proper property in header : https://w3id.org/iadopt/ont/hasProperty
15:19:52.493  991  INFO  f.sparna.rdf.xls2rdf.RdfizableSheet - Found at least 2 headers with proper property declaration in the first 10 columns, title row is at index 21
15:19:52.495  993  DEBUG f.s.rdf.xls2rdf.Xls2RdfConverter - Found title row at index 21
15:19:52.498  996  DEBUG f.s.rdf.xls2rdf.Xls2RdfConverter - Adding value on header object "Vocabulary title" with lang en
15:19:52.501  999  DEBUG f.s.rdf.xls2rdf.Xls2RdfConverter - Adding value on header object "Vocabulary description" with lang en
15:19:52.502  1000 DEBUG f.s.rdf.xls2rdf.Xls2RdfConverter - Adding value on header object "URL to the community developing vocab" with lang en
15:19:52.503  1001 DEBUG f.s.rdf.xls2rdf.Xls2RdfConverter - Adding value on header object "https://spdx.org/licenses/CC0-1.0" with lang en
15:19:52.504  1002 DEBUG f.s.rdf.xls2rdf.Xls2RdfConverter - Adding value on header object "0.1.0" with lang en
15:19:52.505  1003 DEBUG f.s.rdf.xls2rdf.Xls2RdfConverter - Adding value on header object "2022-06-01T00:00:00+00:00" with lang en
15:19:52.506  1004 DEBUG f.s.rdf.xls2rdf.Xls2RdfConverter - Adding value on header object "2022-06-23T15:16:00+00:00" with lang en
15:19:52.507  1005 DEBUG f.s.rdf.xls2rdf.Xls2RdfConverter - Converting data with these column headers: 
15:19:52.508  1006 DEBUG f.s.rdf.xls2rdf.Xls2RdfConverter - ColumnHeader [originalValue=Identifier, language=Optional.empty, datatype=Optional.empty, property=null, declaredProperty=Identifier, inverse=false, parameters={}, id=null, reconcileOn=null, headerCell=Identifier]
15:19:52.510  1008 DEBUG f.s.rdf.xls2rdf.Xls2RdfConverter - ColumnHeader [originalValue=skos:prefLabel@en(id="label"), language=Optional[en], datatype=Optional.empty, property=http://www.w3.org/2004/02/skos/core#prefLabel, declaredProperty=skos:prefLabel, inverse=false, parameters={id=label}, id=label, reconcileOn=null, headerCell=skos:prefLabel@en(id="label")]
15:19:52.511  1009 DEBUG f.s.rdf.xls2rdf.Xls2RdfConverter - ColumnHeader [originalValue=skos:altLabel(separator=","), language=Optional.empty, datatype=Optional.empty, property=http://www.w3.org/2004/02/skos/core#altLabel, declaredProperty=skos:altLabel, inverse=false, parameters={separator=,}, id=null, reconcileOn=null, headerCell=skos:altLabel(separator=",")]
15:19:52.513  1011 DEBUG f.s.rdf.xls2rdf.Xls2RdfConverter - ColumnHeader [originalValue=skos:definition@en, language=Optional[en], datatype=Optional.empty, property=http://www.w3.org/2004/02/skos/core#definition, declaredProperty=skos:definition, inverse=false, parameters={}, id=null, reconcileOn=null, headerCell=skos:definition@en]
15:19:52.513  1011 DEBUG f.s.rdf.xls2rdf.Xls2RdfConverter - ColumnHeader [originalValue=dct:source(separator=","), language=Optional.empty, datatype=Optional.empty, property=http://purl.org/dc/terms/source, declaredProperty=dct:source, inverse=false, parameters={separator=,}, id=null, reconcileOn=null, headerCell=dct:source(separator=",")]
15:19:52.514  1012 DEBUG f.s.rdf.xls2rdf.Xls2RdfConverter - ColumnHeader [originalValue=skos:broader(lookupColumn="skos:prefLabel" separator=","), language=Optional.empty, datatype=Optional.empty, property=http://www.w3.org/2004/02/skos/core#broader, declaredProperty=skos:broader, inverse=false, parameters={lookupColumn=skos:prefLabel, separator=,}, id=null, reconcileOn=null, headerCell=skos:broader(lookupColumn="skos:prefLabel" separator=",")]
15:19:52.515  1013 DEBUG f.s.rdf.xls2rdf.Xls2RdfConverter - ColumnHeader [originalValue=skos:exactMatch(separator=","), language=Optional.empty, datatype=Optional.empty, property=http://www.w3.org/2004/02/skos/core#exactMatch, declaredProperty=skos:exactMatch, inverse=false, parameters={separator=,}, id=null, reconcileOn=null, headerCell=skos:exactMatch(separator=",")]
15:19:52.516  1014 DEBUG f.s.rdf.xls2rdf.Xls2RdfConverter - ColumnHeader [originalValue=skos:closeMatch(separator=","), language=Optional.empty, datatype=Optional.empty, property=http://www.w3.org/2004/02/skos/core#closeMatch, declaredProperty=skos:closeMatch, inverse=false, parameters={separator=,}, id=null, reconcileOn=null, headerCell=skos:closeMatch(separator=",")]
15:19:52.517  1015 DEBUG f.s.rdf.xls2rdf.Xls2RdfConverter - ColumnHeader [originalValue=skos:broadMatch(separator=","), language=Optional.empty, datatype=Optional.empty, property=http://www.w3.org/2004/02/skos/core#broadMatch, declaredProperty=skos:broadMatch, inverse=false, parameters={separator=,}, id=null, reconcileOn=null, headerCell=skos:broadMatch(separator=",")]
15:19:52.518  1016 DEBUG f.s.rdf.xls2rdf.Xls2RdfConverter - ColumnHeader [originalValue=iop:hasProperty, language=Optional.empty, datatype=Optional.empty, property=https://w3id.org/iadopt/ont/hasProperty, declaredProperty=iop:hasProperty, inverse=false, parameters={}, id=null, reconcileOn=null, headerCell=iop:hasProperty]
15:19:52.518  1016 DEBUG f.s.rdf.xls2rdf.Xls2RdfConverter - ColumnHeader [originalValue=iop:hasObjectOfInterest, language=Optional.empty, datatype=Optional.empty, property=https://w3id.org/iadopt/ont/hasObjectOfInterest, declaredProperty=iop:hasObjectOfInterest, inverse=false, parameters={}, id=null, reconcileOn=null, headerCell=iop:hasObjectOfInterest]
15:19:52.519  1017 DEBUG f.s.rdf.xls2rdf.Xls2RdfConverter - ColumnHeader [originalValue=iop:hasMatrix, language=Optional.empty, datatype=Optional.empty, property=https://w3id.org/iadopt/ont/hasMatrix, declaredProperty=iop:hasMatrix, inverse=false, parameters={}, id=null, reconcileOn=null, headerCell=iop:hasMatrix]
15:19:52.519  1017 DEBUG f.s.rdf.xls2rdf.Xls2RdfConverter - ColumnHeader [originalValue=iop:hasContextObject(separator=","), language=Optional.empty, datatype=Optional.empty, property=https://w3id.org/iadopt/ont/hasContextObject, declaredProperty=iop:hasContextObject, inverse=false, parameters={separator=,}, id=null, reconcileOn=null, headerCell=iop:hasContextObject(separator=",")]
15:19:52.519  1017 DEBUG f.s.rdf.xls2rdf.Xls2RdfConverter - ColumnHeader [originalValue=iop:hasConstraint(separator=","), language=Optional.empty, datatype=Optional.empty, property=https://w3id.org/iadopt/ont/hasConstraint, declaredProperty=iop:hasConstraint, inverse=false, parameters={separator=,}, id=null, reconcileOn=null, headerCell=iop:hasConstraint(separator=",")]
15:19:52.519  1017 DEBUG f.s.rdf.xls2rdf.Xls2RdfConverter - ColumnHeader [originalValue=puv:statistic(separator=","), language=Optional.empty, datatype=Optional.empty, property=https://w3id.org/env/puv#statistic, declaredProperty=puv:statistic, inverse=false, parameters={separator=,}, id=null, reconcileOn=null, headerCell=puv:statistic(separator=",")]
15:19:52.519  1017 DEBUG f.s.rdf.xls2rdf.Xls2RdfConverter - ColumnHeader [originalValue=puv:usesMethod(separator=","), language=Optional.empty, datatype=Optional.empty, property=https://w3id.org/env/puv#usesMethod, declaredProperty=puv:usesMethod, inverse=false, parameters={separator=,}, id=null, reconcileOn=null, headerCell=puv:usesMethod(separator=",")]
15:19:52.519  1017 DEBUG f.s.rdf.xls2rdf.Xls2RdfConverter - ColumnHeader [originalValue=sosa:madeBySensor(separator=","), language=Optional.empty, datatype=Optional.empty, property=http://www.w3.org/ns/sosa/madeBySensor, declaredProperty=sosa:madeBySensor, inverse=false, parameters={separator=,}, id=null, reconcileOn=null, headerCell=sosa:madeBySensor(separator=",")]
15:19:52.519  1017 DEBUG f.s.rdf.xls2rdf.Xls2RdfConverter - ColumnHeader [originalValue=puv:uom(separator=","), language=Optional.empty, datatype=Optional.empty, property=https://w3id.org/env/puv#uom, declaredProperty=puv:uom, inverse=false, parameters={separator=,}, id=null, reconcileOn=null, headerCell=puv:uom(separator=",")]
15:19:52.519  1017 DEBUG f.s.rdf.xls2rdf.Xls2RdfConverter - ColumnHeader [originalValue=owl:deprecated^^xsd:boolean, language=Optional.empty, datatype=Optional[http://www.w3.org/2001/XMLSchema#boolean], property=http://www.w3.org/2002/07/owl#deprecated, declaredProperty=owl:deprecated, inverse=false, parameters={}, id=null, reconcileOn=null, headerCell=owl:deprecated^^xsd:boolean]
15:19:52.519  1017 DEBUG f.s.rdf.xls2rdf.Xls2RdfConverter - ColumnHeader [originalValue=skos:editorialNote@en, language=Optional[en], datatype=Optional.empty, property=http://www.w3.org/2004/02/skos/core#editorialNote, declaredProperty=skos:editorialNote, inverse=false, parameters={}, id=null, reconcileOn=null, headerCell=skos:editorialNote@en]
15:19:52.519  1017 DEBUG f.s.rdf.xls2rdf.Xls2RdfConverter - ColumnHeader [originalValue=dct:modified^^xsd:date, language=Optional.empty, datatype=Optional[http://www.w3.org/2001/XMLSchema#date], property=http://purl.org/dc/terms/modified, declaredProperty=dct:modified, inverse=false, parameters={}, id=null, reconcileOn=null, headerCell=dct:modified^^xsd:date]
15:19:52.519  1017 DEBUG f.s.rdf.xls2rdf.Xls2RdfConverter - ColumnHeader [originalValue=dct:created^^xsd:date, language=Optional.empty, datatype=Optional[http://www.w3.org/2001/XMLSchema#date], property=http://purl.org/dc/terms/created, declaredProperty=dct:created, inverse=false, parameters={}, id=null, reconcileOn=null, headerCell=dct:created^^xsd:date]
15:19:52.519  1017 DEBUG f.s.rdf.xls2rdf.Xls2RdfConverter - ColumnHeader [originalValue=dct:creator(separator=","), language=Optional.empty, datatype=Optional.empty, property=http://purl.org/dc/terms/creator, declaredProperty=dct:creator, inverse=false, parameters={separator=,}, id=null, reconcileOn=null, headerCell=dct:creator(separator=",")]
15:19:52.520  1018 DEBUG f.s.rdf.xls2rdf.Xls2RdfConverter - ColumnHeader [originalValue=dct:contributor(separator=","), language=Optional.empty, datatype=Optional.empty, property=http://purl.org/dc/terms/contributor, declaredProperty=dct:contributor, inverse=false, parameters={separator=,}, id=null, reconcileOn=null, headerCell=dct:contributor(separator=",")]
15:19:52.520  1018 INFO  f.s.rdf.xls2rdf.Xls2RdfConverter - Converting rows...
15:19:52.539  1037 INFO  f.s.rdf.xls2rdf.Xls2RdfConverter - Applying SKOS post-processings on the result
15:19:52.539  1037 DEBUG f.s.rdf.xls2rdf.SkosPostProcessor - Postprocessing : SkosPostProcessor
15:19:52.540  1038 DEBUG f.s.rdf.xls2rdf.SkosPostProcessor - Considering main resource like a ConceptScheme.
15:19:52.542  1040 DEBUG f.s.rdf.xls2rdf.SkosPostProcessor - Adding inverse skos:broader and skos:narrower
15:19:52.546  1044 DEBUG f.s.rdf.xls2rdf.SkosPostProcessor - Adding skos:inScheme
15:19:52.548  1046 DEBUG f.s.rdf.xls2rdf.SkosPostProcessor - Setting rdf:type skos:ConceptScheme to main resource
15:19:52.548  1046 DEBUG f.s.rdf.xls2rdf.SkosPostProcessor - Adding skos:hasTopConcept / skos:topConceptOf
15:19:52.553  1051 DEBUG f.s.rdf.xls2rdf.Xls2RdfConverter - Saving graph of 71 statements generated from Sheet Sheet1
